Arguments: 
  C:\Program Files\nodejs\node.exe C:\Program Files (x86)\Yarn\bin\yarn.js add express

PATH: 
  C:\Users\jesiqueira\bin;C:\Users\jesiqueira\AppData\Local\Programs\Git\mingw64\bin;C:\Users\jesiqueira\AppData\Local\Programs\Git\usr\local\bin;C:\Users\jesiqueira\AppData\Local\Programs\Git\usr\bin;C:\Users\jesiqueira\AppData\Local\Programs\Git\usr\bin;C:\Users\jesiqueira\AppData\Local\Programs\Git\mingw64\bin;C:\Users\jesiqueira\AppData\Local\Programs\Git\usr\bin;C:\Users\jesiqueira\bin;C:\Windows\system32;C:\Windows;C:\Windows\System32\Wbem;C:\Windows\System32\WindowsPowerShell\v1.0;C:\Windows\System32\OpenSSH;C:\Program Files (x86)\Pulse Secure\VC142.CRT\X64;C:\Program Files (x86)\Pulse Secure\VC142.CRT\X86;C:\Program Files (x86)\Common Files\Pulse Secure\TNC Client Plugin;C:\Program Files\Microsoft VS Code\bin;C:\Program Files (x86)\Plantronics\Spokes3G;C:\Program Files\nodejs;C:\Program Files (x86)\Yarn\bin;C:\Users\jesiqueira\AppData\Local\Microsoft\WindowsApps;C:\Users\jesiqueira\AppData\Local\Programs\Git\cmd;C:\Users\jesiqueira\AppData\Roaming\npm;C:\Users\jesiqueira\AppData\Local\Yarn\bin;C:\Users\jesiqueira\AppData\Local\Programs\Git\usr\bin\vendor_perl;C:\Users\jesiqueira\AppData\Local\Programs\Git\usr\bin\core_perl

Yarn version: 
  1.22.4

Node version: 
  18.18.0

Platform: 
  win32 x64

Trace: 
  Error: connect ECONNABORTED 104.16.24.34:443
      at TCPConnectWrap.afterConnect [as oncomplete] (node:net:1555:16)

npm manifest: 
  {
    "name": "dominando-nodejs-inicio",
    "version": "1.0.0",
    "main": "index.js",
    "license": "MIT"
  }

yarn manifest: 
  No manifest

Lockfile: 
  No lockfile
